TN:
SF:/home/ivruix/Desktop/hw4/lib/properties/contracts/ERC721/internal/properties/ERC721BasicProperties.sol
DA:1,0
DA:13,6
DA:14,6
DA:15,22
DA:19,11
DA:20,7
DA:21,6
DA:22,21
DA:26,11
DA:27,7
DA:28,5
DA:29,0
DA:33,11
DA:34,8
DA:35,10
DA:36,7
DA:37,11
DA:38,9
DA:39,6
DA:40,7
DA:41,12
DA:43,6
DA:44,0
DA:48,11
DA:49,8
DA:50,10
DA:51,11
DA:52,11
DA:53,9
DA:54,9
DA:56,36
DA:57,55
DA:58,8
DA:59,24
DA:61,0
DA:66,11
DA:67,8
DA:68,10
DA:69,11
DA:70,11
DA:71,9
DA:72,9
DA:74,36
DA:75,55
DA:76,29
DA:78,0
DA:82,11
DA:83,11
DA:84,11
DA:85,6
DA:87,0
DA:91,5
DA:92,8
DA:93,10
DA:94,9
DA:96,6
DA:98,0
DA:102,5
DA:103,8
DA:104,10
DA:105,9
DA:107,36
DA:108,55
DA:109,29
DA:110,26
DA:112,0
DA:117,5
DA:118,8
DA:119,10
DA:120,9
DA:122,36
DA:123,55
DA:124,28
DA:126,0
DA:131,11
DA:132,8
DA:133,10
DA:134,11
DA:135,11
DA:136,9
DA:137,10
DA:139,10
DA:140,0
end_of_record

SF:/home/ivruix/Desktop/hw4/lib/properties/contracts/ERC721/internal/properties/ERC721BurnableProperties.sol
DA:14,5
DA:15,7
DA:16,8
DA:17,10
DA:19,5
DA:20,14
DA:21,9
DA:22,5
DA:25,25
DA:26,26
DA:30,11
DA:31,7
DA:32,8
DA:33,10
DA:35,9
DA:36,5
DA:37,6
DA:38,0
DA:41,11
DA:42,7
DA:43,8
DA:44,10
DA:46,9
DA:47,5
DA:48,6
DA:52,5
DA:53,7
DA:54,8
DA:55,10
DA:57,9
DA:58,5
DA:59,5
DA:60,0
DA:63,16
DA:64,7
DA:65,8
DA:66,10
DA:68,9
DA:69,5
DA:70,4
DA:71,1
DA:74,5
DA:75,7
DA:76,8
DA:77,10
DA:79,9
DA:80,5
DA:81,6
DA:82,21
DA:87,1
DA:92,8
DA:95,1
DA:100,1
DA:102,4
end_of_record

SF:/home/ivruix/Desktop/hw4/lib/properties/contracts/ERC721/internal/properties/ERC721MintableProperties.sol
DA:11,11
DA:12,7
DA:14,8
DA:15,5
DA:16,6
DA:18,27
DA:19,6
DA:23,11
DA:24,7
DA:26,8
DA:27,6
DA:29,32
DA:31,9
DA:32,27
end_of_record

SF:/home/ivruix/Desktop/hw4/lib/properties/contracts/ERC721/internal/util/ERC721TestBase.sol
DA:18,1
DA:23,5
DA:26,1
DA:31,1
DA:33,4
end_of_record

SF:/home/ivruix/Desktop/hw4/lib/properties/contracts/ERC721/internal/util/MockReceiver.sol
DA:6,36
DA:9,27
DA:10,13
DA:13,30
DA:14,8
DA:15,0
DA:18,1
end_of_record

SF:/home/ivruix/Desktop/hw4/lib/properties/contracts/util/Hevm.sol
DA:54,8
end_of_record

SF:/home/ivruix/Desktop/hw4/lib/properties/contracts/util/PropertiesConstants.sol
end_of_record

SF:/home/ivruix/Desktop/hw4/lib/properties/contracts/util/PropertiesHelper.sol
DA:16,1
DA:17,3
DA:18,17
DA:19,3
DA:24,1
DA:25,5
DA:26,0
DA:27,0
DA:28,0
DA:30,0
DA:32,0
DA:34,0
DA:36,0
DA:37,0
DA:447,0
DA:457,0
DA:463,0
DA:466,0
DA:469,0
DA:472,0
DA:475,0
DA:480,0
DA:482,0
DA:486,0
DA:489,0
DA:492,0
DA:496,0
DA:499,0
DA:502,0
end_of_record

SF:/home/ivruix/Desktop/hw4/lib/properties/lib/openzeppelin-contracts/contracts/access/Ownable.sol
DA:29,12
DA:36,8
DA:43,3
DA:44,6
DA:50,1
DA:51,11
DA:61,5
DA:62,4
DA:69,11
DA:70,13
DA:71,4
DA:78,8
DA:79,20
DA:80,22
DA:81,10
end_of_record

SF:/home/ivruix/Desktop/hw4/lib/properties/lib/openzeppelin-contracts/contracts/token/ERC721/ERC721.sol
DA:19,0
DA:30,0
DA:33,21
DA:36,22
DA:44,34
DA:45,10
DA:46,8
DA:52,2
DA:53,0
DA:54,10
DA:55,3
DA:56,1
DA:62,3
DA:63,5
DA:64,13
DA:70,2
DA:72,10
DA:79,10
DA:80,66
DA:86,6
DA:87,7
DA:93,14
DA:94,4
DA:96,0
DA:97,2
DA:105,0
DA:106,0
DA:112,19
DA:113,8
DA:114,24
DA:116,11
DA:117,9
DA:121,6
DA:127,7
DA:128,5
DA:130,13
DA:136,11
DA:137,5
DA:143,6
DA:144,57
DA:150,11
DA:152,19
DA:154,6
DA:160,11
DA:161,18
DA:167,17
DA:168,18
DA:169,8
DA:190,1
DA:191,7
DA:192,20
DA:198,1
DA:199,79
DA:210,5
DA:211,4
DA:221,4
DA:222,8
DA:223,24
DA:264,1
DA:265,13
DA:266,3
DA:268,9
DA:271,4
DA:278,26
DA:281,20
DA:283,4
DA:299,1
DA:300,8
DA:302,8
DA:305,7
DA:308,25
DA:313,16
DA:315,17
DA:317,4
DA:333,0
DA:334,0
DA:335,0
DA:337,0
DA:340,0
DA:343,0
DA:351,0
DA:352,0
DA:354,0
DA:356,0
DA:366,4
DA:367,24
DA:368,15
DA:376,5
DA:377,16
DA:378,41
DA:379,11
DA:385,1
DA:386,10
DA:399,1
DA:404,1
DA:405,4
DA:406,68
DA:407,5
DA:409,0
DA:410,0
DA:414,0
DA:419,0
DA:437,1
DA:443,6
DA:444,0
DA:445,0
DA:447,0
DA:448,0
end_of_record

SF:/home/ivruix/Desktop/hw4/lib/properties/lib/openzeppelin-contracts/contracts/token/ERC721/IERC721.sol
end_of_record

SF:/home/ivruix/Desktop/hw4/lib/properties/lib/openzeppelin-contracts/contracts/token/ERC721/IERC721Receiver.sol
end_of_record

SF:/home/ivruix/Desktop/hw4/lib/properties/lib/openzeppelin-contracts/contracts/token/ERC721/extensions/ERC721Burnable.sol
DA:21,13
DA:23,16
DA:24,5
end_of_record

SF:/home/ivruix/Desktop/hw4/lib/properties/lib/openzeppelin-contracts/contracts/token/ERC721/extensions/ERC721Enumerable.sol
DA:30,2
DA:31,11
DA:37,3
DA:38,18
DA:39,26
DA:45,8
DA:46,15
DA:52,12
DA:53,14
DA:54,0
DA:60,5
DA:65,1
DA:66,8
DA:68,7
DA:70,0
DA:73,1
DA:75,7
DA:76,3
DA:77,7
DA:78,6
DA:80,7
DA:81,5
DA:82,7
DA:83,6
DA:92,2
DA:93,6
DA:94,28
DA:95,15
DA:102,1
DA:103,17
DA:104,14
DA:115,2
DA:119,15
DA:120,11
DA:123,6
DA:124,24
DA:126,9
DA:127,11
DA:131,16
DA:132,19
DA:140,6
DA:144,15
DA:145,13
DA:150,18
DA:152,25
DA:153,14
DA:156,6
DA:157,24
end_of_record

SF:/home/ivruix/Desktop/hw4/lib/properties/lib/openzeppelin-contracts/contracts/token/ERC721/extensions/IERC721Enumerable.sol
end_of_record

SF:/home/ivruix/Desktop/hw4/lib/properties/lib/openzeppelin-contracts/contracts/token/ERC721/extensions/IERC721Metadata.sol
end_of_record

SF:/home/ivruix/Desktop/hw4/lib/properties/lib/openzeppelin-contracts/contracts/token/ERC721/utils/ERC721Holder.sol
DA:14,0
DA:20,0
end_of_record

SF:/home/ivruix/Desktop/hw4/lib/properties/lib/openzeppelin-contracts/contracts/utils/Address.sol
DA:9,0
DA:45,2
end_of_record

SF:/home/ivruix/Desktop/hw4/lib/properties/lib/openzeppelin-contracts/contracts/utils/Context.sol
DA:17,3
DA:18,11
end_of_record

SF:/home/ivruix/Desktop/hw4/lib/properties/lib/openzeppelin-contracts/contracts/utils/Strings.sol
DA:12,0
DA:19,0
DA:21,0
DA:22,0
DA:26,0
DA:28,0
DA:29,0
DA:32,0
DA:34,0
DA:35,0
DA:37,0
end_of_record

SF:/home/ivruix/Desktop/hw4/lib/properties/lib/openzeppelin-contracts/contracts/utils/introspection/ERC165.sol
DA:26,1
DA:27,3
end_of_record

SF:/home/ivruix/Desktop/hw4/lib/properties/lib/openzeppelin-contracts/contracts/utils/introspection/IERC165.sol
end_of_record

SF:/home/ivruix/Desktop/hw4/lib/properties/lib/openzeppelin-contracts/contracts/utils/math/Math.sol
DA:9,0
DA:249,0
DA:252,0
DA:253,0
DA:254,0
DA:256,0
DA:257,0
DA:258,0
DA:260,0
DA:261,0
DA:262,0
DA:264,0
DA:265,0
DA:266,0
DA:268,0
DA:269,0
DA:270,0
DA:272,0
DA:273,0
DA:274,0
DA:276,0
DA:277,0
DA:280,0
end_of_record

SF:/home/ivruix/Desktop/hw4/lib/properties/lib/openzeppelin-contracts/contracts/utils/math/SignedMath.sol
DA:9,0
end_of_record

SF:/home/ivruix/Desktop/hw4/src/MyTokenModified.sol
DA:9,0
DA:10,0
DA:12,0
DA:14,11
DA:15,12
DA:16,21
DA:20,2
DA:25,7
DA:28,1
DA:33,1
DA:35,4
DA:38,4
DA:39,1
DA:43,1
DA:44,12
DA:47,1
DA:48,22
DA:49,13
DA:51,8
DA:53,12
DA:56,23
DA:57,15
DA:59,19
DA:61,5
end_of_record

SF:/home/ivruix/Desktop/hw4/test/CryticTestInternalModified.sol
DA:9,291
DA:17,7
DA:18,11
DA:19,41
DA:20,37
DA:23,1
DA:24,5
DA:27,1
DA:32,7
DA:35,25
DA:40,1
DA:42,6
DA:45,11
DA:50,1
DA:52,4
DA:55,1
DA:59,1
DA:61,1
DA:64,1
DA:69,6
end_of_record

