TN:
SF:/home/ivruix/Desktop/hw4/lib/properties/contracts/ERC721/external/properties/ERC721ExternalBasicProperties.sol
DA:1,0
DA:13,5
DA:14,37
DA:15,0
DA:19,5
DA:20,38
DA:21,0
DA:25,5
DA:26,55
DA:27,0
DA:31,11
DA:32,63
DA:33,9
DA:34,0
DA:35,0
DA:36,0
DA:37,0
DA:38,0
DA:39,0
DA:41,0
DA:42,0
DA:46,11
DA:47,63
DA:48,9
DA:49,0
DA:50,0
DA:51,0
DA:53,0
DA:55,0
DA:56,0
DA:57,0
DA:59,0
DA:60,0
DA:64,11
DA:65,63
DA:66,9
DA:67,0
DA:68,0
DA:69,0
DA:70,0
DA:72,0
DA:73,0
DA:74,0
DA:76,0
DA:81,11
DA:82,58
DA:84,0
DA:88,5
DA:89,63
DA:90,9
DA:91,0
DA:93,0
DA:94,0
DA:96,0
DA:100,5
DA:101,63
DA:102,9
DA:103,0
DA:104,0
DA:106,0
DA:107,0
DA:108,0
DA:110,0
DA:116,5
DA:117,63
DA:118,10
DA:119,70
DA:120,66
DA:122,36
DA:123,49
DA:125,51
DA:126,83
DA:130,10
DA:131,63
DA:132,10
DA:133,70
DA:134,36
DA:136,60
DA:137,1
end_of_record

SF:/home/ivruix/Desktop/hw4/lib/properties/contracts/ERC721/external/properties/ERC721ExternalBurnableProperties.sol
DA:12,5
DA:13,70
DA:14,63
DA:15,9
DA:17,0
DA:19,0
DA:20,0
DA:21,0
DA:22,0
DA:25,0
DA:26,0
DA:30,11
DA:31,70
DA:32,63
DA:33,9
DA:35,0
DA:36,0
DA:37,0
DA:38,0
DA:39,0
DA:40,0
DA:43,5
DA:44,70
DA:45,63
DA:46,9
DA:48,0
DA:49,0
DA:50,0
DA:51,0
DA:52,0
DA:53,0
DA:56,5
DA:57,70
DA:58,63
DA:59,9
DA:61,0
DA:62,0
DA:63,0
DA:64,0
DA:65,0
DA:68,5
DA:69,70
DA:70,63
DA:71,9
DA:73,0
DA:74,0
DA:75,0
DA:76,0
DA:77,0
end_of_record

SF:/home/ivruix/Desktop/hw4/lib/properties/contracts/ERC721/external/properties/ERC721ExternalMintableProperties.sol
end_of_record

SF:/home/ivruix/Desktop/hw4/lib/properties/contracts/ERC721/external/util/ERC721ExternalTestBase.sol
DA:12,8
DA:13,18
DA:14,8
end_of_record

SF:/home/ivruix/Desktop/hw4/lib/properties/contracts/ERC721/external/util/MockReceiver.sol
DA:5,40
DA:8,27
DA:9,13
DA:12,31
DA:13,8
DA:14,2
DA:17,1
end_of_record

SF:/home/ivruix/Desktop/hw4/lib/properties/contracts/ERC721/util/IERC721Internal.sol
end_of_record

SF:/home/ivruix/Desktop/hw4/lib/properties/contracts/util/Hevm.sol
DA:54,2
end_of_record

SF:/home/ivruix/Desktop/hw4/lib/properties/contracts/util/PropertiesConstants.sol
end_of_record

SF:/home/ivruix/Desktop/hw4/lib/properties/contracts/util/PropertiesHelper.sol
DA:16,1
DA:17,3
DA:18,0
DA:19,0
DA:24,0
DA:25,0
DA:26,0
DA:27,0
DA:28,0
DA:30,0
DA:32,0
DA:34,0
DA:36,0
DA:37,0
DA:447,0
DA:457,0
DA:463,0
DA:466,0
DA:469,0
DA:472,0
DA:475,0
DA:480,0
DA:482,0
DA:486,0
DA:489,0
DA:492,0
DA:496,0
DA:499,0
DA:502,0
end_of_record

SF:/home/ivruix/Desktop/hw4/lib/properties/lib/openzeppelin-contracts/contracts/access/Ownable.sol
DA:29,12
DA:36,6
DA:43,3
DA:44,6
DA:50,1
DA:51,11
DA:61,5
DA:62,0
DA:69,11
DA:70,0
DA:71,0
DA:78,4
DA:79,10
DA:80,11
DA:81,5
end_of_record

SF:/home/ivruix/Desktop/hw4/lib/properties/lib/openzeppelin-contracts/contracts/token/ERC721/ERC721.sol
DA:19,0
DA:30,22
DA:33,21
DA:36,22
DA:44,34
DA:45,10
DA:46,8
DA:52,2
DA:53,0
DA:54,10
DA:55,3
DA:56,1
DA:62,13
DA:63,13
DA:64,13
DA:70,12
DA:72,10
DA:79,16
DA:80,73
DA:86,6
DA:87,7
DA:93,14
DA:94,5
DA:96,5
DA:97,22
DA:105,1
DA:106,12
DA:112,21
DA:113,8
DA:114,24
DA:116,11
DA:117,9
DA:121,6
DA:127,17
DA:128,5
DA:130,13
DA:136,17
DA:137,6
DA:143,13
DA:144,57
DA:150,11
DA:152,19
DA:154,6
DA:160,11
DA:161,18
DA:167,16
DA:168,18
DA:169,8
DA:190,1
DA:191,7
DA:192,20
DA:199,45
DA:210,3
DA:211,2
DA:221,4
DA:222,8
DA:223,24
DA:264,1
DA:265,13
DA:266,3
DA:268,8
DA:271,3
DA:278,25
DA:281,20
DA:283,5
DA:299,0
DA:300,0
DA:302,0
DA:305,0
DA:308,0
DA:313,0
DA:315,0
DA:317,0
DA:333,1
DA:334,12
DA:335,5
DA:337,8
DA:340,12
DA:343,24
DA:351,17
DA:352,14
DA:354,20
DA:356,5
DA:366,4
DA:367,24
DA:368,15
DA:376,5
DA:377,16
DA:378,41
DA:379,11
DA:385,1
DA:386,10
DA:399,1
DA:404,1
DA:405,4
DA:406,68
DA:407,5
DA:409,0
DA:410,0
DA:414,0
DA:419,0
DA:437,1
DA:443,6
DA:444,0
DA:445,0
DA:447,0
DA:448,0
end_of_record

SF:/home/ivruix/Desktop/hw4/lib/properties/lib/openzeppelin-contracts/contracts/token/ERC721/IERC721.sol
end_of_record

SF:/home/ivruix/Desktop/hw4/lib/properties/lib/openzeppelin-contracts/contracts/token/ERC721/IERC721Receiver.sol
end_of_record

SF:/home/ivruix/Desktop/hw4/lib/properties/lib/openzeppelin-contracts/contracts/token/ERC721/extensions/ERC721Burnable.sol
DA:21,13
DA:23,15
DA:24,1
end_of_record

SF:/home/ivruix/Desktop/hw4/lib/properties/lib/openzeppelin-contracts/contracts/token/ERC721/extensions/ERC721Enumerable.sol
DA:30,2
DA:31,11
DA:37,13
DA:38,18
DA:39,26
DA:45,6
DA:46,5
DA:52,16
DA:53,15
DA:54,19
DA:60,6
DA:65,1
DA:66,8
DA:68,7
DA:70,0
DA:73,1
DA:75,7
DA:76,3
DA:77,7
DA:78,6
DA:80,5
DA:81,0
DA:82,7
DA:83,6
DA:92,2
DA:93,6
DA:94,27
DA:95,14
DA:102,1
DA:103,17
DA:104,12
DA:115,2
DA:119,15
DA:120,11
DA:123,6
DA:124,24
DA:126,9
DA:127,11
DA:131,16
DA:132,19
DA:140,0
DA:144,0
DA:145,0
DA:150,0
DA:152,0
DA:153,0
DA:156,0
DA:157,0
end_of_record

SF:/home/ivruix/Desktop/hw4/lib/properties/lib/openzeppelin-contracts/contracts/token/ERC721/extensions/IERC721Enumerable.sol
end_of_record

SF:/home/ivruix/Desktop/hw4/lib/properties/lib/openzeppelin-contracts/contracts/token/ERC721/extensions/IERC721Metadata.sol
end_of_record

SF:/home/ivruix/Desktop/hw4/lib/properties/lib/openzeppelin-contracts/contracts/token/ERC721/utils/ERC721Holder.sol
DA:14,0
DA:20,0
end_of_record

SF:/home/ivruix/Desktop/hw4/lib/properties/lib/openzeppelin-contracts/contracts/utils/Address.sol
DA:9,0
DA:45,2
end_of_record

SF:/home/ivruix/Desktop/hw4/lib/properties/lib/openzeppelin-contracts/contracts/utils/Context.sol
DA:17,3
DA:18,11
end_of_record

SF:/home/ivruix/Desktop/hw4/lib/properties/lib/openzeppelin-contracts/contracts/utils/Strings.sol
DA:12,0
DA:19,0
DA:21,0
DA:22,0
DA:26,0
DA:28,0
DA:29,0
DA:32,0
DA:34,0
DA:35,0
DA:37,0
end_of_record

SF:/home/ivruix/Desktop/hw4/lib/properties/lib/openzeppelin-contracts/contracts/utils/introspection/ERC165.sol
DA:26,1
DA:27,3
end_of_record

SF:/home/ivruix/Desktop/hw4/lib/properties/lib/openzeppelin-contracts/contracts/utils/introspection/IERC165.sol
end_of_record

SF:/home/ivruix/Desktop/hw4/lib/properties/lib/openzeppelin-contracts/contracts/utils/math/Math.sol
DA:9,0
DA:249,0
DA:252,0
DA:253,0
DA:254,0
DA:256,0
DA:257,0
DA:258,0
DA:260,0
DA:261,0
DA:262,0
DA:264,0
DA:265,0
DA:266,0
DA:268,0
DA:269,0
DA:270,0
DA:272,0
DA:273,0
DA:274,0
DA:276,0
DA:277,0
DA:280,0
end_of_record

SF:/home/ivruix/Desktop/hw4/lib/properties/lib/openzeppelin-contracts/contracts/utils/math/SignedMath.sol
DA:9,0
end_of_record

SF:/home/ivruix/Desktop/hw4/src/MyToken.sol
DA:9,0
DA:10,6
DA:12,0
DA:14,11
DA:15,12
DA:16,22
DA:20,1
DA:25,7
DA:28,26
DA:33,1
DA:35,6
end_of_record

SF:/home/ivruix/Desktop/hw4/test/CryticTestExternal.sol
DA:11,166
DA:12,7
DA:13,36
DA:14,36
DA:15,36
DA:19,206
DA:24,9
DA:26,11
DA:27,5
DA:30,7
DA:31,8
end_of_record

